[12:56:19 AM] Wednesday, November 16, 2022******************[Running Daily Kv Checker task]******************

[12:56:19 AM] Wednesday, November 16, 2022 NumberOfKVS: 5

[12:56:20 AM] Wednesday, November 16, 2022 Checking...NoKV ID: 0 in Folder 2A9E2EBA

[12:56:21 AM] Wednesday, November 16, 2022 KV Unbanned! Hash: 2A9E2EBA

[12:56:26 AM] Wednesday, November 16, 2022 Checking...NoKV ID: 1 in Folder 1C18A6C1

[12:56:27 AM] Wednesday, November 16, 2022 KV Unbanned! Hash: 1C18A6C1

[12:56:33 AM] Wednesday, November 16, 2022 Checking...NoKV ID: 2 in Folder 

[12:56:33 AM] Wednesday, November 16, 2022  :(  hash not found for NoKv ID: 2

[12:56:33 AM] Wednesday, November 16, 2022 Checking...NoKV ID: 3 in Folder 

[12:56:33 AM] Wednesday, November 16, 2022  :(  hash not found for NoKv ID: 3

[12:56:33 AM] Wednesday, November 16, 2022 Checking...NoKV ID: 4 in Folder 

[12:56:33 AM] Wednesday, November 16, 2022  :(  hash not found for NoKv ID: 4

[02:19:23 AM] Wednesday, November 16, 2022******************[Running Daily Kv Checker task]******************

[02:19:23 AM] Wednesday, November 16, 2022 NumberOfKVS: 5

[02:19:28 AM] Wednesday, November 16, 2022 Checking...NoKV ID: 0 in Folder 2A9E2EBA

[02:19:29 AM] Wednesday, November 16, 2022 KV Unbanned! Hash: 2A9E2EBA

[02:19:34 AM] Wednesday, November 16, 2022 Checking...NoKV ID: 1 in Folder 1C18A6C1

[02:19:35 AM] Wednesday, November 16, 2022 KV Unbanned! Hash: 1C18A6C1

[02:19:41 AM] Wednesday, November 16, 2022 Checking...NoKV ID: 2 in Folder 

[02:19:41 AM] Wednesday, November 16, 2022  :(  hash not found for NoKv ID: 2

[02:19:41 AM] Wednesday, November 16, 2022 Checking...NoKV ID: 3 in Folder 

[02:19:41 AM] Wednesday, November 16, 2022  :(  hash not found for NoKv ID: 3

[02:19:41 AM] Wednesday, November 16, 2022 Checking...NoKV ID: 4 in Folder 

[02:19:41 AM] Wednesday, November 16, 2022  :(  hash not found for NoKv ID: 4

